<?xml version="1.0" encoding="UTF-8"?>
<!-- Generated by org.testng.reporters.JUnitXMLReporter -->
<testsuite ignored="0" hostname="DESKTOP-JH1RM8P" failures="0" tests="1" name="Default test(failed)" time="1.137" errors="0" timestamp="2025-08-04T20:53:33 IST">
  <testcase classname="TestBase.BaseClass" name="@BeforeClass setup" time="-1.754321012835E9">
    <failure type="org.testng.TestNGException" message="
Parameter &amp;apos;os&amp;apos; is required by BeforeClass on method setup but has not been marked @Optional or defined
in C:\Workspaces\Test-Selenium\SignUpFlow_POM\test-output\testng-failed.xml">
      <![CDATA[org.testng.TestNGException: 
Parameter 'os' is required by BeforeClass on method setup but has not been marked @Optional or defined
in C:\Workspaces\Test-Selenium\SignUpFlow_POM\test-output\testng-failed.xml
at java.base/java.util.ArrayList.forEach(ArrayList.java:1596)
... Removed 22 stack frames]]>
    </failure>
  </testcase> <!-- @BeforeClass setup -->
  <testcase classname="TestBase.BaseClass" name="@AfterClass tearDown" time="0.0">
    <skipped/>
  </testcase> <!-- @AfterClass tearDown -->
  <testcase classname="testCases.TC_SignUpData" name="verify_signupDDT" time="0.0">
    <skipped/>
  </testcase> <!-- verify_signupDDT -->
</testsuite> <!-- Default test(failed) -->
